<?xml version="1.0" encoding="UTF-8"?>
<testng-results ignored="0" total="1" passed="1" failed="0" skipped="0">
  <reporter-output>
  </reporter-output>
  <suite started-at="2022-09-19T19:57:56 IST" name="Default suite" finished-at="2022-09-19T19:58:03 IST" duration-ms="7309">
    <groups>
    </groups>
    <test started-at="2022-09-19T19:57:56 IST" name="Default test" finished-at="2022-09-19T19:58:03 IST" duration-ms="7309">
      <class name="RestAssured.GetRequestUsingIndex1">
        <test-method signature="restAssuredget()[pri:0, instance:RestAssured.GetRequestUsingIndex1@53aad5d5]" started-at="2022-09-19T19:57:56 IST" name="restAssuredget" finished-at="2022-09-19T19:58:03 IST" duration-ms="7233" status="PASS">
          <reporter-output>
          </reporter-output>
        </test-method> <!-- restAssuredget -->
      </class> <!-- RestAssured.GetRequestUsingIndex1 -->
    </test> <!-- Default test -->
  </suite> <!-- Default suite -->
</testng-results>
